#
# There is insufficient memory for the Java Runtime Environment to continue.
# Native memory allocation (malloc) failed to allocate 32784 bytes for Chunk::new
# Possible reasons:
#   The system is out of physical RAM or swap space
#   The process is running with CompressedOops enabled, and the Java Heap may be blocking the growth of the native heap
# Possible solutions:
#   Reduce memory load on the system
#   Increase physical memory or swap space
#   Check if swap backing store is full
#   Decrease Java heap size (-Xmx/-Xms)
#   Decrease number of Java threads
#   Decrease Java thread stack sizes (-Xss)
#   Set larger code cache with -XX:ReservedCodeCacheSize=
#   JVM is running with Unscaled Compressed Oops mode in which the Java heap is
#     placed in the first 4GB address space. The Java Heap base address is the
#     maximum limit for the native heap growth. Please use -XX:HeapBaseMinAddress
#     to set the Java Heap base and to place the Java Heap above 4GB virtual address.
# This output file may be truncated or incomplete.
#
#  Out of Memory Error (./open/src/hotspot/share/memory/arena.cpp:195), pid=7328, tid=2136
#
# JRE version: OpenJDK Runtime Environment (14.0.2+12) (build 14.0.2+12-46)
# Java VM: OpenJDK 64-Bit Server VM (14.0.2+12-46, mixed mode, tiered, compressed oops, g1 gc, windows-amd64)
# No core dump will be written. Minidumps are not enabled by default on client versions of Windows
#

---------------  S U M M A R Y ------------

Command Line: -Dfile.encoding=UTF-8 -XX:+ShowCodeDetailsInExceptionMessages com.example.Clinica.ClinicaApplication

Host: Intel(R) Core(TM) i5 CPU       M 460  @ 2.53GHz, 4 cores, 3G,  Windows 10 , 64 bit Build 18362 (10.0.18362.1082)
Time: Tue Oct 13 23:53:42 2020 Hora oficial do Brasil elapsed time: 19 seconds (0d 0h 0m 19s)

---------------  T H R E A D  ---------------

Current thread (0x000001ef6735d800):  JavaThread "C2 CompilerThread0" daemon [_thread_in_native, id=2136, stack(0x000000841ed00000,0x000000841ee00000)]


Current CompileTask:
C2:  19314 3194   !   4       jdk.internal.loader.BuiltinClassLoader::loadClassOrNull (143 bytes)

Stack: [0x000000841ed00000,0x000000841ee00000]
Native frames: (J=compiled Java code, j=interpreted, Vv=VM code, C=native code)
V  [jvm.dll+0x5f8a9a]
V  [jvm.dll+0x74247a]
V  [jvm.dll+0x743c2f]
V  [jvm.dll+0x744273]
V  [jvm.dll+0x20d288]
V  [jvm.dll+0xabb07]
V  [jvm.dll+0xabc7d]
V  [jvm.dll+0x5d997b]
V  [jvm.dll+0x4fc6ae]
V  [jvm.dll+0x4fc4a3]
V  [jvm.dll+0x4fbc7c]
V  [jvm.dll+0x4fe6a9]
V  [jvm.dll+0x4fdf29]
V  [jvm.dll+0x4fd57e]
V  [jvm.dll+0x4fd591]
V  [jvm.dll+0x4fd591]
V  [jvm.dll+0x4fd591]
V  [jvm.dll+0x4fd545]
V  [jvm.dll+0x4fd591]
V  [jvm.dll+0x4fd591]
V  [jvm.dll+0x4fd591]
V  [jvm.dll+0x4fd591]
V  [jvm.dll+0x4fd591]
V  [jvm.dll+0x4fd591]
V  [jvm.dll+0x4fd591]
V  [jvm.dll+0x4fd591]
V  [jvm.dll+0x4fd591]
V  [jvm.dll+0x4fd591]
V  [jvm.dll+0x4fd591]
V  [jvm.dll+0x4fd591]
V  [jvm.dll+0x4fd591]
V  [jvm.dll+0x4fd591]
V  [jvm.dll+0x50d720]
V  [jvm.dll+0x1ee036]
V  [jvm.dll+0x1e77c9]
V  [jvm.dll+0x1e4f98]
V  [jvm.dll+0x1779cc]
V  [jvm.dll+0x1f4105]
V  [jvm.dll+0x1f22eb]
V  [jvm.dll+0x7070cd]
V  [jvm.dll+0x6ffeda]
V  [jvm.dll+0x5f78f6]
C  [ucrtbase.dll+0x20e82]
C  [KERNEL32.DLL+0x17bd4]
C  [ntdll.dll+0x6ce51]


---------------  P R O C E S S  ---------------

Threads class SMR info:
_java_thread_list=0x000001ef67ecf620, length=16, elements={
0x000001ef4fd33800, 0x000001ef6732e800, 0x000001ef6732f800, 0x000001ef67c84800,
0x000001ef67c87800, 0x000001ef67c8a800, 0x000001ef6735d800, 0x000001ef6735e800,
0x000001ef67361800, 0x000001ef67dff000, 0x000001ef67dfd800, 0x000001ef687f5800,
0x000001ef68843800, 0x000001ef68db7800, 0x000001ef69a18000, 0x000001ef68db6800
}

Java Threads: ( => current thread )
  0x000001ef4fd33800 JavaThread "main" [_thread_blocked, id=4512, stack(0x000000841e100000,0x000000841e200000)]
  0x000001ef6732e800 JavaThread "Reference Handler" daemon [_thread_blocked, id=5348, stack(0x000000841e800000,0x000000841e900000)]
  0x000001ef6732f800 JavaThread "Finalizer" daemon [_thread_blocked, id=1584, stack(0x000000841e900000,0x000000841ea00000)]
  0x000001ef67c84800 JavaThread "Signal Dispatcher" daemon [_thread_blocked, id=3044, stack(0x000000841ea00000,0x000000841eb00000)]
  0x000001ef67c87800 JavaThread "Attach Listener" daemon [_thread_blocked, id=6052, stack(0x000000841eb00000,0x000000841ec00000)]
  0x000001ef67c8a800 JavaThread "Service Thread" daemon [_thread_blocked, id=6480, stack(0x000000841ec00000,0x000000841ed00000)]
=>0x000001ef6735d800 JavaThread "C2 CompilerThread0" daemon [_thread_in_native, id=2136, stack(0x000000841ed00000,0x000000841ee00000)]
  0x000001ef6735e800 JavaThread "C1 CompilerThread0" daemon [_thread_in_native, id=8044, stack(0x000000841ee00000,0x000000841ef00000)]
  0x000001ef67361800 JavaThread "Sweeper thread" daemon [_thread_blocked, id=3604, stack(0x000000841ef00000,0x000000841f000000)]
  0x000001ef67dff000 JavaThread "Notification Thread" daemon [_thread_blocked, id=7488, stack(0x000000841f000000,0x000000841f100000)]
  0x000001ef67dfd800 JavaThread "Common-Cleaner" daemon [_thread_blocked, id=1228, stack(0x000000841f200000,0x000000841f300000)]
  0x000001ef687f5800 JavaThread "Thread-0" [_thread_blocked, id=6744, stack(0x000000841f400000,0x000000841f500000)]
  0x000001ef68843800 JavaThread "restartedMain" [_thread_in_vm, id=5620, stack(0x000000841f500000,0x000000841f600000)]
  0x000001ef68db7800 JavaThread "Catalina-utility-1" [_thread_blocked, id=5836, stack(0x000000841f800000,0x000000841f900000)]
  0x000001ef69a18000 JavaThread "Catalina-utility-2" [_thread_blocked, id=2820, stack(0x000000841f900000,0x000000841fa00000)]
  0x000001ef68db6800 JavaThread "container-0" [_thread_blocked, id=6288, stack(0x000000841fa00000,0x000000841fb00000)]

Other Threads:
  0x000001ef6731b000 VMThread "VM Thread" [stack: 0x000000841e700000,0x000000841e800000] [id=5376]
  0x000001ef67e00000 WatcherThread [stack: 0x000000841f100000,0x000000841f200000] [id=3428]
  0x000001ef4fd62800 GCTaskThread "GC Thread#0" [stack: 0x000000841e200000,0x000000841e300000] [id=7892]
  0x000001ef687c5800 GCTaskThread "GC Thread#1" [stack: 0x000000841f300000,0x000000841f400000] [id=5928]
  0x000001ef68149800 GCTaskThread "GC Thread#2" [stack: 0x000000841f600000,0x000000841f700000] [id=6236]
  0x000001ef6887d000 GCTaskThread "GC Thread#3" [stack: 0x000000841f700000,0x000000841f800000] [id=5532]
  0x000001ef4fd7e000 ConcurrentGCThread "G1 Main Marker" [stack: 0x000000841e300000,0x000000841e400000] [id=4740]
  0x000001ef4fd7f800 ConcurrentGCThread "G1 Conc#0" [stack: 0x000000841e400000,0x000000841e500000] [id=4620]
  0x000001ef4fdc8000 ConcurrentGCThread "G1 Refine#0" [stack: 0x000000841e500000,0x000000841e600000] [id=2372]
  0x000001ef4fdcb800 ConcurrentGCThread "G1 Young RemSet Sampling" [stack: 0x000000841e600000,0x000000841e700000] [id=4972]

Threads with active compile tasks:
C2 CompilerThread0    19540 3194   !   4       jdk.internal.loader.BuiltinClassLoader::loadClassOrNull (143 bytes)
C1 CompilerThread0    19540 3214   !   3       java.lang.reflect.Proxy$ProxyBuilder::ensureVisible (53 bytes)

VM state:not at safepoint (normal execution)

VM Mutex/Monitor currently owned by a thread: None

Heap address: 0x00000000c3200000, size: 974 MB, Compressed Oops mode: 32-bit
Narrow klass base: 0x0000000000000000, Narrow klass shift: 3
Compressed class space size: 1073741824 Address: 0x0000000100000000

Heap:
 garbage-first heap   total 27648K, used 12410K [0x00000000c3200000, 0x0000000100000000)
  region size 1024K, 4 young (4096K), 2 survivors (2048K)
 Metaspace       used 34484K, capacity 35325K, committed 35504K, reserved 1081344K
  class space    used 3965K, capacity 4315K, committed 4352K, reserved 1048576K
Heap Regions: E=young(eden), S=young(survivor), O=old, HS=humongous(starts), HC=humongous(continues), CS=collection set, F=free, OA=open archive, CA=closed archive, TAMS=top-at-mark-start (previous, next)
|   0|0x00000000c3200000, 0x00000000c3300000, 0x00000000c3300000|100%| O|  |TAMS 0x00000000c3300000, 0x00000000c3200000| Untracked 
|   1|0x00000000c3300000, 0x00000000c3400000, 0x00000000c3400000|100%| O|  |TAMS 0x00000000c3400000, 0x00000000c3300000| Untracked 
|   2|0x00000000c3400000, 0x00000000c3500000, 0x00000000c3500000|100%| O|  |TAMS 0x00000000c3500000, 0x00000000c3400000| Untracked 
|   3|0x00000000c3500000, 0x00000000c3585e00, 0x00000000c3600000| 52%| O|  |TAMS 0x00000000c3585e00, 0x00000000c3500000| Untracked 
|   4|0x00000000c3600000, 0x00000000c3700000, 0x00000000c3700000|100%| O|  |TAMS 0x00000000c3600000, 0x00000000c3600000| Untracked 
|   5|0x00000000c3700000, 0x00000000c3800000, 0x00000000c3800000|100%| O|  |TAMS 0x00000000c3700000, 0x00000000c3700000| Untracked 
|   6|0x00000000c3800000, 0x00000000c3900000, 0x00000000c3900000|100%| O|  |TAMS 0x00000000c3800000, 0x00000000c3800000| Untracked 
|   7|0x00000000c3900000, 0x00000000c3a00000, 0x00000000c3a00000|100%| O|  |TAMS 0x00000000c3900000, 0x00000000c3900000| Untracked 
|   8|0x00000000c3a00000, 0x00000000c3b00000, 0x00000000c3b00000|100%| O|  |TAMS 0x00000000c3a00000, 0x00000000c3a00000| Untracked 
|   9|0x00000000c3b00000, 0x00000000c3bbd600, 0x00000000c3c00000| 73%| O|  |TAMS 0x00000000c3b00000, 0x00000000c3b00000| Untracked 
|  10|0x00000000c3c00000, 0x00000000c3c00000, 0x00000000c3d00000|  0%| F|  |TAMS 0x00000000c3c00000, 0x00000000c3c00000| Untracked 
|  11|0x00000000c3d00000, 0x00000000c3d00000, 0x00000000c3e00000|  0%| F|  |TAMS 0x00000000c3d00000, 0x00000000c3d00000| Untracked 
|  12|0x00000000c3e00000, 0x00000000c3e00000, 0x00000000c3f00000|  0%| F|  |TAMS 0x00000000c3e00000, 0x00000000c3e00000| Untracked 
|  13|0x00000000c3f00000, 0x00000000c3f00000, 0x00000000c4000000|  0%| F|  |TAMS 0x00000000c3f00000, 0x00000000c3f00000| Untracked 
|  14|0x00000000c4000000, 0x00000000c4000000, 0x00000000c4100000|  0%| F|  |TAMS 0x00000000c4000000, 0x00000000c4000000| Untracked 
|  15|0x00000000c4100000, 0x00000000c41db420, 0x00000000c4200000| 85%| S|CS|TAMS 0x00000000c4100000, 0x00000000c4100000| Complete 
|  16|0x00000000c4200000, 0x00000000c4300000, 0x00000000c4300000|100%| S|CS|TAMS 0x00000000c4200000, 0x00000000c4200000| Complete 
|  17|0x00000000c4300000, 0x00000000c4300000, 0x00000000c4400000|  0%| F|  |TAMS 0x00000000c4300000, 0x00000000c4300000| Untracked 
|  18|0x00000000c4400000, 0x00000000c4400000, 0x00000000c4500000|  0%| F|  |TAMS 0x00000000c4400000, 0x00000000c4400000| Untracked 
|  19|0x00000000c4500000, 0x00000000c4500000, 0x00000000c4600000|  0%| F|  |TAMS 0x00000000c4500000, 0x00000000c4500000| Untracked 
|  20|0x00000000c4600000, 0x00000000c4600000, 0x00000000c4700000|  0%| F|  |TAMS 0x00000000c4600000, 0x00000000c4600000| Untracked 
|  21|0x00000000c4700000, 0x00000000c4700000, 0x00000000c4800000|  0%| F|  |TAMS 0x00000000c4700000, 0x00000000c4700000| Untracked 
|  22|0x00000000c4800000, 0x00000000c4800000, 0x00000000c4900000|  0%| F|  |TAMS 0x00000000c4800000, 0x00000000c4800000| Untracked 
|  51|0x00000000c6500000, 0x00000000c6500000, 0x00000000c6600000|  0%| F|  |TAMS 0x00000000c6500000, 0x00000000c6500000| Untracked 
|  52|0x00000000c6600000, 0x00000000c6600000, 0x00000000c6700000|  0%| F|  |TAMS 0x00000000c6600000, 0x00000000c6600000| Untracked 
|  60|0x00000000c6e00000, 0x00000000c6e599f0, 0x00000000c6f00000| 35%| E|  |TAMS 0x00000000c6e00000, 0x00000000c6e00000| Complete 
|  61|0x00000000c6f00000, 0x00000000c7000000, 0x00000000c7000000|100%| E|CS|TAMS 0x00000000c6f00000, 0x00000000c6f00000| Complete 

Card table byte_map: [0x000001ef62be0000,0x000001ef62dd0000] _byte_map_base: 0x000001ef625c7000

Marking Bits (Prev, Next): (CMBitMap*) 0x000001ef4fd65208, (CMBitMap*) 0x000001ef4fd651c8
 Prev Bits: [0x000001ef63f00000, 0x000001ef64e38000)
 Next Bits: [0x000001ef62fc0000, 0x000001ef63ef8000)

Polling page: 0x000001ef4dcd0000

Metaspace:

Usage:
  Non-class:     30.28 MB capacity,    29.80 MB ( 98%) used,   385.42 KB (  1%) free+waste,   105.69 KB ( <1%) overhead. 
      Class:      4.21 MB capacity,     3.87 MB ( 92%) used,   299.93 KB (  7%) free+waste,    49.25 KB (  1%) overhead. 
       Both:     34.50 MB capacity,    33.68 MB ( 98%) used,   685.35 KB (  2%) free+waste,   154.94 KB ( <1%) overhead. 

Virtual space:
  Non-class space:       32.00 MB reserved,      30.42 MB ( 95%) committed 
      Class space:        1.00 GB reserved,       4.25 MB ( <1%) committed 
             Both:        1.03 GB reserved,      34.67 MB (  3%) committed 

Chunk freelists:
   Non-Class:  14.00 KB
       Class:  5.00 KB
        Both:  19.00 KB

MaxMetaspaceSize: 17179869184.00 GB
CompressedClassSpaceSize: 1.00 GB

CodeHeap 'non-profiled nmethods': size=120000Kb used=1633Kb max_used=1633Kb free=118366Kb
 bounds [0x000001ef5b4c0000, 0x000001ef5b730000, 0x000001ef629f0000]
CodeHeap 'profiled nmethods': size=120000Kb used=7133Kb max_used=7133Kb free=112866Kb
 bounds [0x000001ef53f90000, 0x000001ef54690000, 0x000001ef5b4c0000]
CodeHeap 'non-nmethods': size=5760Kb used=1202Kb max_used=1233Kb free=4557Kb
 bounds [0x000001ef539f0000, 0x000001ef53c60000, 0x000001ef53f90000]
 total_blobs=3668 nmethods=3204 adapters=377
 compilation: enabled
              stopped_count=0, restarted_count=0
 full_count=0

Compilation events (20 events):
Event: 19.206 Thread 0x000001ef6735e800 nmethod 3202 0x000001ef5467ff90 code [0x000001ef54680160, 0x000001ef546804d8]
Event: 19.245 Thread 0x000001ef6735e800 3204       3       org.springframework.beans.factory.support.AbstractAutowireCapableBeanFactory::populateBean (396 bytes)
Event: 19.250 Thread 0x000001ef6735e800 nmethod 3204 0x000001ef54680690 code [0x000001ef54680b80, 0x000001ef54684438]
Event: 19.253 Thread 0x000001ef6735e800 3206       1       org.springframework.boot.context.properties.bind.Binder$Context::access$000 (5 bytes)
Event: 19.253 Thread 0x000001ef6735e800 nmethod 3206 0x000001ef5b657b90 code [0x000001ef5b657d20, 0x000001ef5b657db8]
Event: 19.259 Thread 0x000001ef6735e800 3207       3       org.springframework.beans.factory.support.AbstractBeanFactory::copyRelevantMergedBeanDefinitionCaches (105 bytes)
Event: 19.260 Thread 0x000001ef6735e800 nmethod 3207 0x000001ef54685210 code [0x000001ef54685480, 0x000001ef54686638]
Event: 19.261 Thread 0x000001ef6735e800 3208       1       org.springframework.boot.context.properties.source.ConfigurationPropertyName$Elements::getSource (5 bytes)
Event: 19.261 Thread 0x000001ef6735e800 nmethod 3208 0x000001ef5b657e90 code [0x000001ef5b658020, 0x000001ef5b6580d8]
Event: 19.267 Thread 0x000001ef6735e800 3209       3       java.util.Arrays$ArrayList::get (7 bytes)
Event: 19.268 Thread 0x000001ef6735e800 nmethod 3209 0x000001ef54686990 code [0x000001ef54686b20, 0x000001ef54686c58]
Event: 19.268 Thread 0x000001ef6735e800 3210       1       org.apache.catalina.core.StandardContext::getTldValidation (5 bytes)
Event: 19.268 Thread 0x000001ef6735e800 nmethod 3210 0x000001ef5b658190 code [0x000001ef5b658320, 0x000001ef5b6583d8]
Event: 19.268 Thread 0x000001ef6735e800 3211       1       org.apache.catalina.core.StandardContext::getXmlBlockExternal (5 bytes)
Event: 19.268 Thread 0x000001ef6735e800 nmethod 3211 0x000001ef5b658490 code [0x000001ef5b658620, 0x000001ef5b6586d8]
Event: 19.271 Thread 0x000001ef6735e800 3212       3       org.springframework.beans.factory.support.AbstractBeanFactory::getBean (9 bytes)
Event: 19.271 Thread 0x000001ef6735e800 nmethod 3212 0x000001ef54686d10 code [0x000001ef54686ec0, 0x000001ef54687088]
Event: 19.271 Thread 0x000001ef6735e800 3213       3       java.lang.Class::getMethods (26 bytes)
Event: 19.272 Thread 0x000001ef6735e800 nmethod 3213 0x000001ef54687110 code [0x000001ef54687300, 0x000001ef54687618]
Event: 19.272 Thread 0x000001ef6735e800 3214   !   3       java.lang.reflect.Proxy$ProxyBuilder::ensureVisible (53 bytes)

GC Heap History (20 events):
Event: 8.699 GC heap before
{Heap before GC invocations=2 (full 0):
 garbage-first heap   total 63488K, used 25835K [0x00000000c3200000, 0x0000000100000000)
  region size 1024K, 23 young (23552K), 1 survivors (1024K)
 Metaspace       used 18834K, capacity 19255K, committed 19328K, reserved 1067008K
  class space    used 2005K, capacity 2156K, committed 2176K, reserved 1048576K
}
Event: 8.704 GC heap after
{Heap after GC invocations=3 (full 0):
 garbage-first heap   total 63488K, used 5189K [0x00000000c3200000, 0x0000000100000000)
  region size 1024K, 2 young (2048K), 2 survivors (2048K)
 Metaspace       used 18834K, capacity 19255K, committed 19328K, reserved 1067008K
  class space    used 2005K, capacity 2156K, committed 2176K, reserved 1048576K
}
Event: 9.172 GC heap before
{Heap before GC invocations=3 (full 0):
 garbage-first heap   total 63488K, used 12357K [0x00000000c3200000, 0x0000000100000000)
  region size 1024K, 11 young (11264K), 2 survivors (2048K)
 Metaspace       used 20787K, capacity 21204K, committed 21296K, reserved 1069056K
  class space    used 2225K, capacity 2400K, committed 2432K, reserved 1048576K
}
Event: 9.220 GC heap after
{Heap after GC invocations=4 (full 0):
 garbage-first heap   total 63488K, used 5525K [0x00000000c3200000, 0x0000000100000000)
  region size 1024K, 2 young (2048K), 2 survivors (2048K)
 Metaspace       used 20787K, capacity 21204K, committed 21296K, reserved 1069056K
  class space    used 2225K, capacity 2400K, committed 2432K, reserved 1048576K
}
Event: 10.130 GC heap before
{Heap before GC invocations=5 (full 0):
 garbage-first heap   total 27648K, used 19861K [0x00000000c3200000, 0x0000000100000000)
  region size 1024K, 16 young (16384K), 2 survivors (2048K)
 Metaspace       used 23273K, capacity 23778K, committed 23984K, reserved 1071104K
  class space    used 2594K, capacity 2797K, committed 2816K, reserved 1048576K
}
Event: 10.137 GC heap after
{Heap after GC invocations=6 (full 0):
 garbage-first heap   total 27648K, used 6284K [0x00000000c3200000, 0x0000000100000000)
  region size 1024K, 2 young (2048K), 2 survivors (2048K)
 Metaspace       used 23273K, capacity 23778K, committed 23984K, reserved 1071104K
  class space    used 2594K, capacity 2797K, committed 2816K, reserved 1048576K
}
Event: 10.986 GC heap before
{Heap before GC invocations=6 (full 0):
 garbage-first heap   total 27648K, used 17548K [0x00000000c3200000, 0x0000000100000000)
  region size 1024K, 13 young (13312K), 2 survivors (2048K)
 Metaspace       used 24056K, capacity 24642K, committed 24880K, reserved 1071104K
  class space    used 2685K, capacity 2888K, committed 2944K, reserved 1048576K
}
Event: 10.990 GC heap after
{Heap after GC invocations=7 (full 0):
 garbage-first heap   total 27648K, used 6831K [0x00000000c3200000, 0x0000000100000000)
  region size 1024K, 2 young (2048K), 2 survivors (2048K)
 Metaspace       used 24056K, capacity 24642K, committed 24880K, reserved 1071104K
  class space    used 2685K, capacity 2888K, committed 2944K, reserved 1048576K
}
Event: 11.814 GC heap before
{Heap before GC invocations=7 (full 0):
 garbage-first heap   total 27648K, used 19119K [0x00000000c3200000, 0x0000000100000000)
  region size 1024K, 14 young (14336K), 2 survivors (2048K)
 Metaspace       used 25264K, capacity 25818K, committed 26032K, reserved 1073152K
  class space    used 2810K, capacity 3013K, committed 3072K, reserved 1048576K
}
Event: 11.818 GC heap after
{Heap after GC invocations=8 (full 0):
 garbage-first heap   total 27648K, used 6996K [0x00000000c3200000, 0x0000000100000000)
  region size 1024K, 2 young (2048K), 2 survivors (2048K)
 Metaspace       used 25264K, capacity 25818K, committed 26032K, reserved 1073152K
  class space    used 2810K, capacity 3013K, committed 3072K, reserved 1048576K
}
Event: 12.704 GC heap before
{Heap before GC invocations=8 (full 0):
 garbage-first heap   total 27648K, used 18260K [0x00000000c3200000, 0x0000000100000000)
  region size 1024K, 13 young (13312K), 2 survivors (2048K)
 Metaspace       used 27014K, capacity 27649K, committed 27824K, reserved 1073152K
  class space    used 3031K, capacity 3257K, committed 3328K, reserved 1048576K
}
Event: 12.708 GC heap after
{Heap after GC invocations=9 (full 0):
 garbage-first heap   total 27648K, used 7620K [0x00000000c3200000, 0x0000000100000000)
  region size 1024K, 2 young (2048K), 2 survivors (2048K)
 Metaspace       used 27014K, capacity 27649K, committed 27824K, reserved 1073152K
  class space    used 3031K, capacity 3257K, committed 3328K, reserved 1048576K
}
Event: 15.284 GC heap before
{Heap before GC invocations=9 (full 0):
 garbage-first heap   total 27648K, used 18884K [0x00000000c3200000, 0x0000000100000000)
  region size 1024K, 14 young (14336K), 2 survivors (2048K)
 Metaspace       used 29624K, capacity 30320K, committed 30512K, reserved 1077248K
  class space    used 3391K, capacity 3656K, committed 3712K, reserved 1048576K
}
Event: 15.289 GC heap after
{Heap after GC invocations=10 (full 0):
 garbage-first heap   total 27648K, used 8767K [0x00000000c3200000, 0x0000000100000000)
  region size 1024K, 2 young (2048K), 2 survivors (2048K)
 Metaspace       used 29624K, capacity 30320K, committed 30512K, reserved 1077248K
  class space    used 3391K, capacity 3656K, committed 3712K, reserved 1048576K
}
Event: 17.318 GC heap before
{Heap before GC invocations=10 (full 0):
 garbage-first heap   total 27648K, used 20031K [0x00000000c3200000, 0x0000000100000000)
  region size 1024K, 13 young (13312K), 2 survivors (2048K)
 Metaspace       used 31299K, capacity 32060K, committed 32176K, reserved 1077248K
  class space    used 3549K, capacity 3830K, committed 3840K, reserved 1048576K
}
Event: 17.325 GC heap after
{Heap after GC invocations=11 (full 0):
 garbage-first heap   total 27648K, used 9617K [0x00000000c3200000, 0x0000000100000000)
  region size 1024K, 1 young (1024K), 1 survivors (1024K)
 Metaspace       used 31299K, capacity 32060K, committed 32176K, reserved 1077248K
  class space    used 3549K, capacity 3830K, committed 3840K, reserved 1048576K
}
Event: 18.396 GC heap before
{Heap before GC invocations=11 (full 0):
 garbage-first heap   total 27648K, used 20881K [0x00000000c3200000, 0x0000000100000000)
  region size 1024K, 12 young (12288K), 1 survivors (1024K)
 Metaspace       used 32721K, capacity 33505K, committed 33712K, reserved 1079296K
  class space    used 3733K, capacity 4030K, committed 4096K, reserved 1048576K
}
Event: 18.402 GC heap after
{Heap after GC invocations=12 (full 0):
 garbage-first heap   total 27648K, used 10432K [0x00000000c3200000, 0x0000000100000000)
  region size 1024K, 2 young (2048K), 2 survivors (2048K)
 Metaspace       used 32721K, capacity 33505K, committed 33712K, reserved 1079296K
  class space    used 3733K, capacity 4030K, committed 4096K, reserved 1048576K
}
Event: 19.180 GC heap before
{Heap before GC invocations=12 (full 0):
 garbage-first heap   total 27648K, used 20672K [0x00000000c3200000, 0x0000000100000000)
  region size 1024K, 12 young (12288K), 2 survivors (2048K)
 Metaspace       used 34308K, capacity 35153K, committed 35248K, reserved 1081344K
  class space    used 3940K, capacity 4279K, committed 4352K, reserved 1048576K
}
Event: 19.186 GC heap after
{Heap after GC invocations=13 (full 0):
 garbage-first heap   total 27648K, used 11386K [0x00000000c3200000, 0x0000000100000000)
  region size 1024K, 2 young (2048K), 2 survivors (2048K)
 Metaspace       used 34308K, capacity 35153K, committed 35248K, reserved 1081344K
  class space    used 3940K, capacity 4279K, committed 4352K, reserved 1048576K
}

Deoptimization events (20 events):
Event: 18.534 Thread 0x000001ef68843800 DEOPT PACKING pc=0x000001ef5b63f284 sp=0x000000841f5fbd40
Event: 18.534 Thread 0x000001ef68843800 DEOPT UNPACKING pc=0x000001ef53a39429 sp=0x000000841f5fbcf8 mode 2
Event: 18.534 Thread 0x000001ef68843800 Uncommon trap: trap_request=0xffffffbe fr.pc=0x000001ef5b63f284 relative=0x00000000000008a4
Event: 18.534 Thread 0x000001ef68843800 Uncommon trap: reason=profile_predicate action=maybe_recompile pc=0x000001ef5b63f284 method=java.lang.PublicMethods$MethodList.filter([Ljava/lang/reflect/Method;Ljava/lang/String;[Ljava/lang/Class;Z)Ljava/lang/PublicMethods$MethodList; @ 21 c2
Event: 18.534 Thread 0x000001ef68843800 DEOPT PACKING pc=0x000001ef5b63f284 sp=0x000000841f5fbc90
Event: 18.534 Thread 0x000001ef68843800 DEOPT UNPACKING pc=0x000001ef53a39429 sp=0x000000841f5fbc48 mode 2
Event: 18.534 Thread 0x000001ef68843800 Uncommon trap: trap_request=0xffffffbe fr.pc=0x000001ef5b63f284 relative=0x00000000000008a4
Event: 18.534 Thread 0x000001ef68843800 Uncommon trap: reason=profile_predicate action=maybe_recompile pc=0x000001ef5b63f284 method=java.lang.PublicMethods$MethodList.filter([Ljava/lang/reflect/Method;Ljava/lang/String;[Ljava/lang/Class;Z)Ljava/lang/PublicMethods$MethodList; @ 21 c2
Event: 18.534 Thread 0x000001ef68843800 DEOPT PACKING pc=0x000001ef5b63f284 sp=0x000000841f5fbc90
Event: 18.534 Thread 0x000001ef68843800 DEOPT UNPACKING pc=0x000001ef53a39429 sp=0x000000841f5fbc48 mode 2
Event: 18.534 Thread 0x000001ef68843800 Uncommon trap: trap_request=0xffffffbe fr.pc=0x000001ef5b63f284 relative=0x00000000000008a4
Event: 18.534 Thread 0x000001ef68843800 Uncommon trap: reason=profile_predicate action=maybe_recompile pc=0x000001ef5b63f284 method=java.lang.PublicMethods$MethodList.filter([Ljava/lang/reflect/Method;Ljava/lang/String;[Ljava/lang/Class;Z)Ljava/lang/PublicMethods$MethodList; @ 21 c2
Event: 18.534 Thread 0x000001ef68843800 DEOPT PACKING pc=0x000001ef5b63f284 sp=0x000000841f5fbfa0
Event: 18.534 Thread 0x000001ef68843800 DEOPT UNPACKING pc=0x000001ef53a39429 sp=0x000000841f5fbf58 mode 2
Event: 18.750 Thread 0x000001ef68843800 DEOPT PACKING pc=0x000001ef5444b31c sp=0x000000841f5fe0b0
Event: 18.750 Thread 0x000001ef68843800 DEOPT UNPACKING pc=0x000001ef53a3993f sp=0x000000841f5fd788 mode 0
Event: 19.100 Thread 0x000001ef68843800 Uncommon trap: trap_request=0xffffff45 fr.pc=0x000001ef5b63b3d4 relative=0x0000000000000d54
Event: 19.100 Thread 0x000001ef68843800 Uncommon trap: reason=unstable_if action=reinterpret pc=0x000001ef5b63b3d4 method=org.springframework.beans.factory.support.DefaultSingletonBeanRegistry.getSingleton(Ljava/lang/String;Z)Ljava/lang/Object; @ 39 c2
Event: 19.100 Thread 0x000001ef68843800 DEOPT PACKING pc=0x000001ef5b63b3d4 sp=0x000000841f5fd840
Event: 19.100 Thread 0x000001ef68843800 DEOPT UNPACKING pc=0x000001ef53a39429 sp=0x000000841f5fd7d8 mode 2

Classes unloaded (0 events):
No events

Classes redefined (0 events):
No events

Internal exceptions (20 events):
Event: 14.876 Thread 0x000001ef68843800 Exception <a 'java/lang/NoSuchMethodError'{0x00000000c43f5440}: 'java.lang.Object java.lang.invoke.DirectMethodHandle$Holder.invokeStaticInit(java.lang.Object, java.lang.Object, int, int, int, int)'> (0x00000000c43f5440) 
thrown [./open/src/hotspot/share/interpreter/linkResolver.cpp, line 766]
Event: 17.506 Thread 0x000001ef68843800 Exception <a 'java/io/FileNotFoundException'{0x00000000c6639b58}> (0x00000000c6639b58) 
thrown [./open/src/hotspot/share/prims/jni.cpp, line 599]
Event: 17.636 Thread 0x000001ef68843800 Exception <a 'java/lang/NoSuchMethodError'{0x00000000c66f8cc0}: 'int java.lang.invoke.DirectMethodHandle$Holder.invokeInterface(java.lang.Object, java.lang.Object, java.lang.Object, java.lang.Object)'> (0x00000000c66f8cc0) 
thrown [./open/src/hotspot/share/interpreter/linkResolver.cpp, line 766]
Event: 17.801 Thread 0x000001ef68843800 Exception <a 'java/io/FileNotFoundException'{0x00000000c48fe688}> (0x00000000c48fe688) 
thrown [./open/src/hotspot/share/prims/jni.cpp, line 599]
Event: 18.135 Thread 0x000001ef68843800 Exception <a 'java/lang/ClassNotFoundException'{0x00000000c45a9d58}: java/lang/ObjectCustomizer> (0x00000000c45a9d58) 
thrown [./open/src/hotspot/share/classfile/systemDictionary.cpp, line 226]
Event: 18.136 Thread 0x000001ef68843800 Exception <a 'java/lang/ClassNotFoundException'{0x00000000c45b7848}: org/springframework/web/servlet/config/annotation/WebMvcConfigurationSupportCustomizer> (0x00000000c45b7848) 
thrown [./open/src/hotspot/share/classfile/systemDictionary.cpp, line 226]
Event: 18.138 Thread 0x000001ef68843800 Exception <a 'java/lang/ClassNotFoundException'{0x00000000c45cfe78}: org/springframework/web/servlet/config/annotation/DelegatingWebMvcConfigurationCustomizer> (0x00000000c45cfe78) 
thrown [./open/src/hotspot/share/classfile/systemDictionary.cpp, line 226]
Event: 18.139 Thread 0x000001ef68843800 Exception <a 'java/lang/ClassNotFoundException'{0x00000000c45e0580}: org/springframework/boot/autoconfigure/web/servlet/WebMvcAutoConfiguration$EnableWebMvcConfigurationCustomizer> (0x00000000c45e0580) 
thrown [./open/src/hotspot/share/classfile/systemDictionary.cpp, line 226]
Event: 18.142 Thread 0x000001ef68843800 Exception <a 'java/lang/ClassNotFoundException'{0x00000000c45f6668}: org/springframework/context/ResourceLoaderAwareCustomizer> (0x00000000c45f6668) 
thrown [./open/src/hotspot/share/classfile/systemDictionary.cpp, line 226]
Event: 18.143 Thread 0x000001ef68843800 Exception <a 'java/lang/ClassNotFoundException'{0x00000000c45ff578}: org/springframework/beans/factory/AwareCustomizer> (0x00000000c45ff578) 
thrown [./open/src/hotspot/share/classfile/systemDictionary.cpp, line 226]
Event: 18.143 Thread 0x000001ef68843800 Exception <a 'java/lang/ClassNotFoundException'{0x00000000c4408838}: org/springframework/context/ApplicationContextAwareCustomizer> (0x00000000c4408838) 
thrown [./open/src/hotspot/share/classfile/systemDictionary.cpp, line 226]
Event: 18.144 Thread 0x000001ef68843800 Exception <a 'java/lang/ClassNotFoundException'{0x00000000c4412338}: org/springframework/beans/factory/AwareCustomizer> (0x00000000c4412338) 
thrown [./open/src/hotspot/share/classfile/systemDictionary.cpp, line 226]
Event: 18.145 Thread 0x000001ef68843800 Exception <a 'java/lang/ClassNotFoundException'{0x00000000c441b140}: org/springframework/web/context/ServletContextAwareCustomizer> (0x00000000c441b140) 
thrown [./open/src/hotspot/share/classfile/systemDictionary.cpp, line 226]
Event: 18.145 Thread 0x000001ef68843800 Exception <a 'java/lang/ClassNotFoundException'{0x00000000c44244c8}: org/springframework/beans/factory/AwareCustomizer> (0x00000000c44244c8) 
thrown [./open/src/hotspot/share/classfile/systemDictionary.cpp, line 226]
Event: 18.212 Thread 0x000001ef68843800 Exception <a 'java/lang/NoSuchMethodError'{0x00000000c449b098}: 'void java.lang.invoke.DirectMethodHandle$Holder.invokeVirtual(java.lang.Object, java.lang.Object, java.lang.Object, java.lang.Object)'> (0x00000000c449b098) 
thrown [./open/src/hotspot/share/interpreter/linkResolver.cpp, line 766]
Event: 18.554 Thread 0x000001ef68843800 Exception <a 'java/lang/NoSuchMethodError'{0x00000000c660ccc0}: 'void java.lang.invoke.DirectMethodHandle$Holder.invokeVirtual(java.lang.Object, java.lang.Object, int)'> (0x00000000c660ccc0) 
thrown [./open/src/hotspot/share/interpreter/linkResolver.cpp, line 766]
Event: 18.557 Thread 0x000001ef68843800 Exception <a 'java/lang/NoSuchMethodError'{0x00000000c6625848}: 'void java.lang.invoke.DirectMethodHandle$Holder.invokeVirtual(java.lang.Object, java.lang.Object, long)'> (0x00000000c6625848) 
thrown [./open/src/hotspot/share/interpreter/linkResolver.cpp, line 766]
Event: 18.973 Thread 0x000001ef68843800 Exception <a 'java/lang/NoSuchMethodError'{0x00000000c4546a70}: 'java.lang.Object java.lang.invoke.DirectMethodHandle$Holder.invokeInterface(java.lang.Object, java.lang.Object, java.lang.Object)'> (0x00000000c4546a70) 
thrown [./open/src/hotspot/share/interpreter/linkResolver.cpp, line 766]
Event: 18.973 Thread 0x000001ef68843800 Exception <a 'java/lang/IncompatibleClassChangeError'{0x00000000c45496d0}: Found class java.lang.Object, but interface was expected> (0x00000000c45496d0) 
thrown [./open/src/hotspot/share/interpreter/linkResolver.cpp, line 832]
Event: 19.080 Thread 0x000001ef68843800 Exception <a 'java/lang/NoSuchMethodError'{0x00000000c44a1d30}: 'int java.lang.invoke.DirectMethodHandle$Holder.invokeStaticInit(java.lang.Object, java.lang.Object, java.lang.Object, java.lang.Object)'> (0x00000000c44a1d30) 
thrown [./open/src/hotspot/share/interpreter/linkResolver.cpp, line 766]

Events (20 events):
Event: 18.688 loading class java/nio/charset/UnsupportedCharsetException
Event: 18.688 loading class java/nio/charset/UnsupportedCharsetException done
Event: 18.724 Executing VM operation: HandshakeAllThreads
Event: 18.724 Executing VM operation: HandshakeAllThreads done
Event: 18.758 loading class java/util/stream/ReduceOps$5
Event: 18.767 loading class java/util/stream/ReduceOps$5 done
Event: 18.768 loading class java/util/stream/ReduceOps$CountingSink$OfRef
Event: 18.768 loading class java/util/stream/ReduceOps$CountingSink
Event: 18.768 loading class java/util/stream/ReduceOps$CountingSink done
Event: 18.768 loading class java/util/stream/ReduceOps$CountingSink$OfRef done
Event: 18.906 loading class java/util/concurrent/ConcurrentLinkedDeque
Event: 18.931 loading class java/util/concurrent/ConcurrentLinkedDeque done
Event: 18.931 loading class java/util/concurrent/ConcurrentLinkedDeque$Node
Event: 18.931 loading class java/util/concurrent/ConcurrentLinkedDeque$Node done
Event: 18.987 Executing VM operation: HandshakeAllThreads
Event: 18.987 Executing VM operation: HandshakeAllThreads done
Event: 19.158 loading class java/lang/ExceptionInInitializerError
Event: 19.158 loading class java/lang/ExceptionInInitializerError done
Event: 19.179 Executing VM operation: G1CollectForAllocation
Event: 19.186 Executing VM operation: G1CollectForAllocation done


Dynamic libraries:
0x00007ff6e0eb0000 - 0x00007ff6e0ebd000 	C:\Users\Guilherme\.p2\pool\plugins\org.eclipse.justj.openjdk.hotspot.jre.full.win32.x86_64_14.0.2.v20200815-0932\jre\bin\javaw.exe
0x00007ff881700000 - 0x00007ff8818f0000 	C:\WINDOWS\SYSTEM32\ntdll.dll
0x00007ff87fa20000 - 0x00007ff87fad2000 	C:\WINDOWS\System32\KERNEL32.DLL
0x00007ff87ee90000 - 0x00007ff87f135000 	C:\WINDOWS\System32\KERNELBASE.dll
0x00007ff87f210000 - 0x00007ff87f30a000 	C:\WINDOWS\System32\ucrtbase.dll
0x00007ff8719e0000 - 0x00007ff8719f8000 	C:\Users\Guilherme\.p2\pool\plugins\org.eclipse.justj.openjdk.hotspot.jre.full.win32.x86_64_14.0.2.v20200815-0932\jre\bin\jli.dll
0x00007ff8719c0000 - 0x00007ff8719d5000 	C:\Users\Guilherme\.p2\pool\plugins\org.eclipse.justj.openjdk.hotspot.jre.full.win32.x86_64_14.0.2.v20200815-0932\jre\bin\VCRUNTIME140.dll
0x00007ff880d40000 - 0x00007ff880ed5000 	C:\WINDOWS\System32\USER32.dll
0x00007ff87f3c0000 - 0x00007ff87f3e1000 	C:\WINDOWS\System32\win32u.dll
0x00007ff86da50000 - 0x00007ff86dcd4000 	C:\WINDOWS\WinSxS\amd64_microsoft.windows.common-controls_6595b64144ccf1df_6.0.18362.1082_none_9e8193e1e45b25c1\COMCTL32.dll
0x00007ff8803e0000 - 0x00007ff88047e000 	C:\WINDOWS\System32\msvcrt.dll
0x00007ff880480000 - 0x00007ff8804a6000 	C:\WINDOWS\System32\GDI32.dll
0x00007ff881380000 - 0x00007ff8816b5000 	C:\WINDOWS\System32\combase.dll
0x00007ff87f610000 - 0x00007ff87f7a6000 	C:\WINDOWS\System32\gdi32full.dll
0x00007ff87fb80000 - 0x00007ff87fca0000 	C:\WINDOWS\System32\RPCRT4.dll
0x00007ff87f570000 - 0x00007ff87f60e000 	C:\WINDOWS\System32\msvcp_win.dll
0x00007ff87ee10000 - 0x00007ff87ee90000 	C:\WINDOWS\System32\bcryptPrimitives.dll
0x00007ff87fae0000 - 0x00007ff87fb0e000 	C:\WINDOWS\System32\IMM32.DLL
0x00007ff86b9b0000 - 0x00007ff86ba4b000 	C:\Users\Guilherme\.p2\pool\plugins\org.eclipse.justj.openjdk.hotspot.jre.full.win32.x86_64_14.0.2.v20200815-0932\jre\bin\msvcp140.dll
0x00007ff85f450000 - 0x00007ff85ff6e000 	C:\Users\Guilherme\.p2\pool\plugins\org.eclipse.justj.openjdk.hotspot.jre.full.win32.x86_64_14.0.2.v20200815-0932\jre\bin\server\jvm.dll
0x00007ff880330000 - 0x00007ff8803d3000 	C:\WINDOWS\System32\ADVAPI32.dll
0x00007ff87fca0000 - 0x00007ff87fd37000 	C:\WINDOWS\System32\sechost.dll
0x00007ff881050000 - 0x00007ff881058000 	C:\WINDOWS\System32\PSAPI.DLL
0x00007ff87c250000 - 0x00007ff87c274000 	C:\WINDOWS\SYSTEM32\WINMM.dll
0x00007ff87c550000 - 0x00007ff87c559000 	C:\WINDOWS\SYSTEM32\WSOCK32.dll
0x00007ff870900000 - 0x00007ff87090a000 	C:\WINDOWS\SYSTEM32\VERSION.dll
0x00007ff87fb10000 - 0x00007ff87fb7f000 	C:\WINDOWS\System32\WS2_32.dll
0x00007ff87c1f0000 - 0x00007ff87c21d000 	C:\WINDOWS\SYSTEM32\WINMMBASE.dll
0x00007ff87f370000 - 0x00007ff87f3ba000 	C:\WINDOWS\System32\cfgmgr32.dll
0x00007ff87e5d0000 - 0x00007ff87e5e1000 	C:\WINDOWS\System32\kernel.appcore.dll
0x00007ff8799c0000 - 0x00007ff8799ca000 	C:\Users\Guilherme\.p2\pool\plugins\org.eclipse.justj.openjdk.hotspot.jre.full.win32.x86_64_14.0.2.v20200815-0932\jre\bin\jimage.dll
0x00007ff86fe40000 - 0x00007ff870034000 	C:\WINDOWS\SYSTEM32\DBGHELP.DLL
0x00007ff8701f0000 - 0x00007ff87021a000 	C:\WINDOWS\SYSTEM32\dbgcore.DLL
0x00007ff878550000 - 0x00007ff878575000 	C:\Users\Guilherme\.p2\pool\plugins\org.eclipse.justj.openjdk.hotspot.jre.full.win32.x86_64_14.0.2.v20200815-0932\jre\bin\java.dll
0x00007ff878530000 - 0x00007ff878546000 	C:\Users\Guilherme\.p2\pool\plugins\org.eclipse.justj.openjdk.hotspot.jre.full.win32.x86_64_14.0.2.v20200815-0932\jre\bin\zip.dll
0x00007ff8805a0000 - 0x00007ff880c87000 	C:\WINDOWS\System32\SHELL32.dll
0x00007ff880c90000 - 0x00007ff880d39000 	C:\WINDOWS\System32\shcore.dll
0x00007ff87e690000 - 0x00007ff87ee10000 	C:\WINDOWS\System32\windows.storage.dll
0x00007ff87e660000 - 0x00007ff87e683000 	C:\WINDOWS\System32\profapi.dll
0x00007ff87e5f0000 - 0x00007ff87e63a000 	C:\WINDOWS\System32\powrprof.dll
0x00007ff87e5c0000 - 0x00007ff87e5d0000 	C:\WINDOWS\System32\UMPDC.dll
0x00007ff87f880000 - 0x00007ff87f8d2000 	C:\WINDOWS\System32\shlwapi.dll
0x00007ff87f140000 - 0x00007ff87f157000 	C:\WINDOWS\System32\cryptsp.dll
0x00007ff878510000 - 0x00007ff878529000 	C:\Users\Guilherme\.p2\pool\plugins\org.eclipse.justj.openjdk.hotspot.jre.full.win32.x86_64_14.0.2.v20200815-0932\jre\bin\net.dll
0x00007ff8755e0000 - 0x00007ff8756d0000 	C:\WINDOWS\SYSTEM32\WINHTTP.dll
0x00007ff87de10000 - 0x00007ff87de77000 	C:\WINDOWS\system32\mswsock.dll
0x00007ff8784f0000 - 0x00007ff878502000 	C:\Users\Guilherme\.p2\pool\plugins\org.eclipse.justj.openjdk.hotspot.jre.full.win32.x86_64_14.0.2.v20200815-0932\jre\bin\nio.dll
0x00007ff8784e0000 - 0x00007ff8784f0000 	C:\Users\Guilherme\.p2\pool\plugins\org.eclipse.justj.openjdk.hotspot.jre.full.win32.x86_64_14.0.2.v20200815-0932\jre\bin\verify.dll
0x00007ff877830000 - 0x00007ff877839000 	C:\Users\Guilherme\.p2\pool\plugins\org.eclipse.justj.openjdk.hotspot.jre.full.win32.x86_64_14.0.2.v20200815-0932\jre\bin\management.dll
0x00007ff876830000 - 0x00007ff87683b000 	C:\Users\Guilherme\.p2\pool\plugins\org.eclipse.justj.openjdk.hotspot.jre.full.win32.x86_64_14.0.2.v20200815-0932\jre\bin\management_ext.dll
0x00007ff878470000 - 0x00007ff878486000 	C:\WINDOWS\system32\napinsp.dll
0x00007ff87a050000 - 0x00007ff87a06a000 	C:\WINDOWS\system32\pnrpnsp.dll
0x00007ff87db60000 - 0x00007ff87dc2b000 	C:\WINDOWS\SYSTEM32\DNSAPI.dll
0x00007ff881370000 - 0x00007ff881378000 	C:\WINDOWS\System32\NSI.dll
0x00007ff87db20000 - 0x00007ff87db5a000 	C:\WINDOWS\SYSTEM32\IPHLPAPI.DLL
0x00007ff8798c0000 - 0x00007ff8798ce000 	C:\WINDOWS\System32\winrnr.dll
0x00007ff87adf0000 - 0x00007ff87ae0c000 	C:\WINDOWS\system32\NLAapi.dll
0x00007ff8695b0000 - 0x00007ff8695c5000 	C:\WINDOWS\system32\wshbth.dll
0x00007ff8751d0000 - 0x00007ff8751da000 	C:\Windows\System32\rasadhlp.dll
0x00007ff875c90000 - 0x00007ff875d07000 	C:\WINDOWS\System32\fwpuclnt.dll
0x00007ff87f3f0000 - 0x00007ff87f416000 	C:\WINDOWS\System32\bcrypt.dll
0x00007ff87d980000 - 0x00007ff87d9b3000 	C:\WINDOWS\system32\rsaenh.dll
0x00007ff87e4e0000 - 0x00007ff87e505000 	C:\WINDOWS\SYSTEM32\USERENV.dll
0x00007ff87dfe0000 - 0x00007ff87dfec000 	C:\WINDOWS\SYSTEM32\CRYPTBASE.dll
0x00007ff875ee0000 - 0x00007ff875ef6000 	C:\WINDOWS\SYSTEM32\dhcpcsvc6.DLL
0x00007ff875ec0000 - 0x00007ff875edc000 	C:\WINDOWS\SYSTEM32\dhcpcsvc.DLL

dbghelp: loaded successfully - version: 4.0.5 - missing functions: none
symbol engine: initialized successfully - sym options: 0x614 - pdb path: .;C:\Users\Guilherme\.p2\pool\plugins\org.eclipse.justj.openjdk.hotspot.jre.full.win32.x86_64_14.0.2.v20200815-0932\jre\bin;C:\WINDOWS\SYSTEM32;C:\WINDOWS\WinSxS\amd64_microsoft.windows.common-controls_6595b64144ccf1df_6.0.18362.1082_none_9e8193e1e45b25c1;C:\Users\Guilherme\.p2\pool\plugins\org.eclipse.justj.openjdk.hotspot.jre.full.win32.x86_64_14.0.2.v20200815-0932\jre\bin\server

VM Arguments:
jvm_args: -Dfile.encoding=UTF-8 -XX:+ShowCodeDetailsInExceptionMessages 
java_command: com.example.Clinica.ClinicaApplication
java_class_path (initial): C:\Users\Guilherme\Desktop\eclipse\Eclipse_projects\Clinica\target\classes;C:\Users\Guilherme\.m2\repository\org\springframework\boot\spring-boot-starter-thymeleaf\2.3.4.RELEASE\spring-boot-starter-thymeleaf-2.3.4.RELEASE.jar;C:\Users\Guilherme\.m2\repository\org\springframework\boot\spring-boot-starter\2.3.4.RELEASE\spring-boot-starter-2.3.4.RELEASE.jar;C:\Users\Guilherme\.m2\repository\org\springframework\boot\spring-boot-starter-logging\2.3.4.RELEASE\spring-boot-starter-logging-2.3.4.RELEASE.jar;C:\Users\Guilherme\.m2\repository\ch\qos\logback\logback-classic\1.2.3\logback-classic-1.2.3.jar;C:\Users\Guilherme\.m2\repository\ch\qos\logback\logback-core\1.2.3\logback-core-1.2.3.jar;C:\Users\Guilherme\.m2\repository\org\apache\logging\log4j\log4j-to-slf4j\2.13.3\log4j-to-slf4j-2.13.3.jar;C:\Users\Guilherme\.m2\repository\org\apache\logging\log4j\log4j-api\2.13.3\log4j-api-2.13.3.jar;C:\Users\Guilherme\.m2\repository\org\slf4j\jul-to-slf4j\1.7.30\jul-to-slf4j-1.7.30.jar;C:\Users\Guilherme\.m2\repository\jakarta\annotation\jakarta.annotation-api\1.3.5\jakarta.annotation-api-1.3.5.jar;C:\Users\Guilherme\.m2\repository\org\yaml\snakeyaml\1.26\snakeyaml-1.26.jar;C:\Users\Guilherme\.m2\repository\org\thymeleaf\thymeleaf-spring5\3.0.11.RELEASE\thymeleaf-spring5-3.0.11.RELEASE.jar;C:\Users\Guilherme\.m2\repository\org\thymeleaf\thymeleaf\3.0.11.RELEASE\thymeleaf-3.0.11.RELEASE.jar;C:\Users\Guilherme\.m2\repository\org\attoparser\attoparser\2.0.5.RELEASE\attoparser-2.0.5.RELEASE.jar;C:\Users\Guilherme\.m2\repository\org\unbescape\unbescape\1.1.6.RELEASE\unbescape-1.1.6.RELEASE.jar;C:\Users\Guilherme\.m2\repository\org\slf4j\slf4j-api\1.7.30\slf4j-api-1.7.30.jar;C:\Users\Guilherme\.m2\repository\org\thymeleaf\extras\thymeleaf-extras-java8time\3.0.4.RELEASE\thymeleaf-extras-java8time-3.0.4.RELEASE.jar;C:\Users\Guilherme\.m2\repository\org\springframework\boot\spring-boot-starter-web\2.3.4.RELEASE\spring-boot-starter-web-2.3.4.RELEASE.jar;C:\Users\G
Launcher Type: SUN_STANDARD

[Global flags]
     intx CICompilerCount                          = 3                                         {product} {ergonomic}
     uint ConcGCThreads                            = 1                                         {product} {ergonomic}
     uint G1ConcRefinementThreads                  = 4                                         {product} {ergonomic}
   size_t G1HeapRegionSize                         = 1048576                                   {product} {ergonomic}
    uintx GCDrainStackTargetSize                   = 64                                        {product} {ergonomic}
   size_t InitialHeapSize                          = 65011712                                  {product} {ergonomic}
   size_t MarkStackSize                            = 4194304                                   {product} {ergonomic}
   size_t MaxHeapSize                              = 1021313024                                {product} {ergonomic}
   size_t MaxNewSize                               = 612368384                                 {product} {ergonomic}
   size_t MinHeapDeltaBytes                        = 1048576                                   {product} {ergonomic}
   size_t MinHeapSize                              = 8388608                                   {product} {ergonomic}
    uintx NonNMethodCodeHeapSize                   = 5832780                                {pd product} {ergonomic}
    uintx NonProfiledCodeHeapSize                  = 122912730                              {pd product} {ergonomic}
    uintx ProfiledCodeHeapSize                     = 122912730                              {pd product} {ergonomic}
    uintx ReservedCodeCacheSize                    = 251658240                              {pd product} {ergonomic}
     bool SegmentedCodeCache                       = true                                      {product} {ergonomic}
     bool ShowCodeDetailsInExceptionMessages       = true                                   {manageable} {command line}
   size_t SoftMaxHeapSize                          = 1021313024                             {manageable} {ergonomic}
     bool UseCompressedClassPointers               = true                                 {lp64_product} {ergonomic}
     bool UseCompressedOops                        = true                                 {lp64_product} {ergonomic}
     bool UseG1GC                                  = true                                      {product} {ergonomic}
     bool UseLargePagesIndividualAllocation        = false                                  {pd product} {ergonomic}

Logging:
Log output configuration:
 #0: stdout all=warning uptime,level,tags
 #1: stderr all=off uptime,level,tags

Environment Variables:
JAVA_HOME=C:\Program Files\Java\jdk1.8.0_241
CLASSPATH=C:\Program Files\Java\jdk 1.8.0_241\lib
PATH=C:/Users/Guilherme/.p2/pool/plugins/org.eclipse.justj.openjdk.hotspot.jre.full.win32.x86_64_14.0.2.v20200815-0932/jre/bin/server;C:/Users/Guilherme/.p2/pool/plugins/org.eclipse.justj.openjdk.hotspot.jre.full.win32.x86_64_14.0.2.v20200815-0932/jre/bin;C:\Users\Guilherme\AppData\Local\Microsoft\WindowsApps;C:\Program Files\Java\jdk1.8.0_241\bin;C:\Program Files\Git\cmd;C:\Users\Guilherme\AppData\Local\Microsoft\WindowsApps;C:\Program Files\Java\jdk1.8.0_241\bin;;C:\Users\Guilherme\Desktop;
USERNAME=Guilherme
OS=Windows_NT
PROCESSOR_IDENTIFIER=Intel64 Family 6 Model 37 Stepping 5, GenuineIntel



---------------  S Y S T E M  ---------------

OS: Windows 10 , 64 bit Build 18362 (10.0.18362.1082)
OS uptime: 4 days 1:45 hours

CPU:total 4 (initial active 4) (2 cores per cpu, 2 threads per core) family 6 model 37 stepping 5, cmov, cx8, fxsr, mmx, sse, sse2, sse3, ssse3, sse4.1, sse4.2, popcnt, ht, tsc, tscinvbit

Memory: 4k page, system-wide physical 3894M (236M free)
TotalPageFile size 3894M (AvailPageFile size 5M)
current process WorkingSet (physical memory assigned to process): 126M, peak: 126M
current process commit charge ("private bytes"): 152M, peak: 160M

vm_info: OpenJDK 64-Bit Server VM (14.0.2+12-46) for windows-amd64 JRE (14.0.2+12-46), built on Jul  9 2020 00:31:16 by "mach5one" with MS VC++ 15.9 (VS2017)

END.
